[2022/11/1-13:46]Program Started
[2022/11/1-13:47]Program Started
[2022/11/1-13:48]Calculating working set of processes list..
[2022/11/1-13:48]Error!! - trying to calculate working set of Empty List.
[2022/11/1-13:48][Event] - Start Sorting the process lists of all snaps (Bubble Sort).
[2022/11/1-13:48]Generating Snaps Page.
[2022/11/1-13:48]Generating Home Html Page.
[2022/11/1-13:48]Generating HTML Database of all Snaps->Processes->Dlls info.
[2022/11/1-13:48][Event] - Starting One Snapshot for the processes in memory. 
[2022/11/1-13:48][Event] - Processes List was created.
[2022/11/1-13:48][Event] - Starting One Snapshot for the processes in memory. 
[2022/11/1-13:48][Event] - Processes List was created.
[2022/11/1-13:48]Calculating working set of processes list..
[2022/11/1-13:48][Event] - Start Sorting the process lists of all snaps (Bubble Sort).
[2022/11/1-13:48]Generating Snaps Page.
[2022/11/1-13:48]Generating Home Html Page.
[2022/11/1-13:48]Generating HTML Database of all Snaps->Processes->Dlls info.
[2022/11/1-13:48][Event] - Starting One Snapshot for the processes in memory. 
[2022/11/1-13:48][Event] - Processes List was created.
[2022/11/1-13:48]Calculating working set of processes list..
[2022/11/1-13:48][Event] - Start Sorting the process lists of all snaps (Bubble Sort).
[2022/11/1-13:48]Generating Snaps Page.
[2022/11/1-13:48]Generating Home Html Page.
[2022/11/1-13:48]Generating HTML Database of all Snaps->Processes->Dlls info.
[2022/11/1-13:50][Event] - Starting One Snapshot for the processes in memory. 
[2022/11/1-13:50][Event] - Processes List was created.
[2022/11/1-13:50]Calculating working set of processes list..
[2022/11/1-13:50][Event] - Start Sorting the process lists of all snaps (Bubble Sort).
[2022/11/1-13:50]Generating Snaps Page.
[2022/11/1-13:50]Generating Home Html Page.
[2022/11/1-13:50]Generating HTML Database of all Snaps->Processes->Dlls info.
[2022/11/1-13:50][Event] - Starting 20/Long Snapshots for the processes in memory. 
[2022/11/1-13:50][Event] - Processes List was created.
[2022/11/1-13:50][Event] - Processes List was created.
[2022/11/1-13:50][Event] - Processes List was created.
[2022/11/1-13:50][Event] - Function Snapshot20/Long stopped by user.
[2022/11/1-13:50]Calculating working set of processes list..
[2022/11/1-13:50][Event] - Start Sorting the process lists of all snaps (Bubble Sort).
[2022/11/1-13:50]Generating Snaps Page.
[2022/11/1-13:50]Generating Home Html Page.
[2022/11/1-13:51]Generating HTML Database of all Snaps->Processes->Dlls info.
[2022/11/1-13:51][Event] - Starting 20/Long Snapshots for the processes in memory. 
[2022/11/1-13:51][Event] - Processes List was created.
[2022/11/1-13:51][Event] - Processes List was created.
[2022/11/1-13:51][Event] - Processes List was created.
[2022/11/1-13:51][Event] - Function Snapshot20/Long stopped by user.
[2022/11/1-13:51]Calculating working set of processes list..
[2022/11/1-13:51][Event] - Start Sorting the process lists of all snaps (Bubble Sort).
[2022/11/1-13:51]Generating Snaps Page.
[2022/11/1-13:51]Generating Home Html Page.
[2022/11/1-13:51]Generating HTML Database of all Snaps->Processes->Dlls info.
[2022/11/1-13:51][Event] - Starting One Snapshot for the processes in memory. 
[2022/11/1-13:51][Event] - Processes List was created.
[2022/11/1-13:51]Calculating working set of processes list..
[2022/11/1-13:51][Event] - Start Sorting the process lists of all snaps (Bubble Sort).
[2022/11/1-13:51]Generating Snaps Page.
[2022/11/1-13:51]Generating Home Html Page.
[2022/11/1-13:51]Generating HTML Database of all Snaps->Processes->Dlls info.
[2022/11/1-13:52]Program Ended.

