[2022/10/29-0:51]Program Started
[2022/10/29-0:53]Error!! - trying to calculate working set of Empty List.
[2022/10/29-1:25]Error!! - Too many links
[2022/10/29-1:28]Program Started
[2022/10/29-1:29]Error!! - Input/output error
[2022/10/29-1:29]Program Started
[2022/10/29-1:38]Program Ended.

[2022/10/29-1:38]Program Started
[2022/10/29-1:42]Program Started
[2022/10/29-1:50]Program Ended.

[2022/10/29-8:57]Program Started
[2022/10/29-8:59]Error!! - trying to calculate working set of Empty List.
[2022/10/29-9:0]Program Started
[2022/10/29-9:15]Program Started
[2022/10/29-9:19]Program Started
[2022/10/29-9:19]Error!! - trying to calculate working set of Empty List.
[2022/10/29-9:21]Error!! - trying to calculate working set of Empty List.
[2022/10/29-9:22]Program Started
[2022/10/29-9:24]Program Started
[2022/10/29-9:25]Error!! - trying to calculate working set of Empty List.
[2022/10/29-9:27]Error!! - trying to calculate working set of Empty List.
[2022/10/29-9:27]Error!! - trying to calculate working set of Empty List.
[2022/10/29-9:27]Error!! - trying to calculate working set of Empty List.
[2022/10/29-9:30]Program Started
[2022/10/29-9:38]Program Started
[2022/10/29-9:38]Error!! - trying to calculate working set of Empty List.
[2022/10/29-9:39]Program Started
[2022/10/29-9:39]Error!! - trying to calculate working set of Empty List.
[2022/10/29-9:40]Program Started
[2022/10/29-9:41]Program Started
[2022/10/29-9:46]Program Started
[2022/10/29-9:47]Program Started
[2022/10/29-9:47]Program Started
[2022/10/29-9:48]Program Started
[2022/10/29-9:49]Program Started
[2022/10/29-9:49]Program Started
[2022/10/29-9:57]Program Started
[2022/10/29-9:58]Program Started
[2022/10/29-9:59]Error!! - trying to calculate working set of Empty List.
[2022/10/29-10:2]Program Started
[2022/10/29-10:2]Error!! - trying to calculate working set of Empty List.
[2022/10/29-10:2]Error!! - trying to calculate working set of Empty List.
[2022/10/29-10:3]Program Started
[2022/10/29-10:4]Program Started
[2022/10/29-10:4]Error!! - trying to calculate working set of Empty List.
[2022/10/29-10:5]Program Started
[2022/10/29-10:6]Error!! - trying to calculate working set of Empty List.
[2022/10/29-10:8]Program Started
[2022/10/29-10:8]Program Started
[2022/10/29-10:10]Program Started
[2022/10/29-10:33]Program Started
[2022/10/29-10:35]Error!! - trying to calculate working set of Empty List.
[2022/10/29-10:49]Program Started
[2022/10/29-10:49]Error!! - Too many links
[2022/10/29-10:51]Program Started
[2022/10/29-10:54]Error!! - trying to calculate working set of Empty List.
[2022/10/29-10:57]Program Ended.

[2022/10/29-11:30]Program Started
[2022/10/29-11:30]Error!! - trying to calculate working set of Empty List.
[2022/10/29-11:31]Error!! - trying to calculate working set of Empty List.
[2022/10/29-11:32]Program Started
[2022/10/29-11:34]Error!! - trying to calculate working set of Empty List.
[2022/10/29-11:45]Program Started
[2022/10/29-11:45]Error!! - trying to calculate working set of Empty List.
[2022/10/29-11:48]Error!! - trying to calculate working set of Empty List.
[2022/10/29-11:51]Error!! - trying to calculate working set of Empty List.
[2022/10/29-11:51]Program Started
[2022/10/29-11:52]Error!! - trying to calculate working set of Empty List.
[2022/10/29-12:7]Program Started
[2022/10/29-12:15]Program Started
[2022/10/29-12:15]Error!! - trying to calculate working set of Empty List.
[2022/10/29-12:15]Error!! - Too many links
[2022/10/29-12:15]Program Started
[2022/10/29-12:15]Error!! - trying to calculate working set of Empty List.
[2022/10/29-12:15]Error!! - trying to calculate working set of Empty List.
[2022/10/29-12:15]Error!! - trying to calculate working set of Empty List.
[2022/10/29-12:16]Error!! - trying to calculate working set of Empty List.
[2022/10/29-12:20]Program Started
[2022/10/29-12:25]Error!! - trying to calculate working set of Empty List.
[2022/10/29-12:26]Program Ended.

[2022/10/29-12:33]Program Started
[2022/10/29-12:33]Error!! - trying to calculate working set of Empty List.
[2022/10/29-12:36]Program Started
[2022/10/29-12:37]Program Started
[2022/10/29-12:40]Program Started
[2022/10/29-12:44]Program Started
[2022/10/29-14:50]Program Started
[2022/10/29-14:54]Program Started
[2022/10/29-14:54]Error!! - trying to calculate working set of Empty List.
[2022/10/29-14:55]Error!! - trying to calculate working set of Empty List.
[2022/10/29-14:56]Program Started
[2022/10/29-14:58]Program Started
[2022/10/29-14:58]Error!! - trying to calculate working set of Empty List.
[2022/10/29-15:9]Program Ended.

[2022/10/29-15:41]Program Started
[2022/10/29-15:42]Error!! - trying to calculate working set of Empty List.
[2022/10/29-15:42]Error!! - Too many links
[2022/10/29-15:42]Program Started
[2022/10/29-15:42]Error!! - trying to calculate working set of Empty List.
[2022/10/29-15:42]Error!! - Too many links
[2022/10/29-16:7]Program Started
[2022/10/29-16:9]Program Ended.

[2022/10/29-16:10]Program Started
[2022/10/29-16:10]Error!! - trying to calculate working set of Empty List.
[2022/10/29-16:13]Error!! - trying to calculate working set of Empty List.
[2022/10/29-16:14]Error!! - Too many links
[2022/10/29-16:15]Program Started
[2022/10/29-16:15]Error!! - trying to calculate working set of Empty List.
[2022/10/29-16:15]Error!! - trying to calculate working set of Empty List.
[2022/10/29-16:16]Program Started
[2022/10/29-16:18]Program Started
[2022/10/29-16:20]Program Started
[2022/10/29-16:34]Program Started
[2022/10/29-16:36]Program Ended.

[2022/10/29-16:36]Program Started
[2022/10/29-16:37]Error!! - trying to calculate working set of Empty List.
[2022/10/29-16:40]Program Started
[2022/10/29-16:40]Error!! - trying to calculate working set of Empty List.
[2022/10/29-16:45]Program Started
[2022/10/29-16:46]Error!! - trying to calculate working set of Empty List.
[2022/10/29-16:47]Program Started
[2022/10/29-16:54]Program Started
[2022/10/29-16:56]Program Started
[2022/10/29-17:14]Program Started
[2022/10/29-17:17]Program Started
[2022/10/29-17:18]Program Started
[2022/10/29-18:20]Program Started
[2022/10/29-18:22]Program Started
[2022/10/29-18:22]Error!! - Too many links
[2022/10/29-18:22]Error!! - Too many links
[2022/10/29-18:22]Program Started
[2022/10/29-18:22]Error!! - trying to calculate working set of Empty List.
[2022/10/29-18:22]Error!! - Too many links
[2022/10/29-18:22]Program Started
[2022/10/29-18:23]Program Started
[2022/10/29-18:26]Program Ended.

[2022/10/29-19:3]Program Started
[2022/10/29-19:7]Program Ended.

[2022/10/29-22:12]Program Started
[2022/10/29-22:12]Error!! - trying to calculate working set of Empty List.
[2022/10/29-22:12]Error!! - Too many links
[2022/10/29-22:13]Program Started
[2022/10/29-22:13]Error!! - Too many links
[2022/10/29-22:15]Program Started
[2022/10/29-22:15]Error!! - trying to calculate working set of Empty List.
[2022/10/29-22:20]Program Ended.

